# JRE version: OpenJDK Runtime Environment Temurin-17.0.7+7 (17.0.7+7) (build 17.0.7+7)
# Java VM: OpenJDK 64-Bit Server VM Temurin-17.0.7+7 (17.0.7+7, mixed mode, sharing, tiered, compressed oops, compressed class ptrs, parallel gc, windows-amd64)
GC Precious Log:
 CPUs: 24 total, 24 available
 Memory: 65277M
 Large Page Support: Disabled
 NUMA Support: Disabled
 Compressed Oops: Enabled (32-bit)
 Alignments: Space 512K, Generation 512K, Heap 2M
 Heap Min Capacity: 100M
 Heap Initial Capacity: 100M
 Heap Max Capacity: 1G
 Pre-touch: Disabled
 Parallel Workers: 18
Heap:
 PSYoungGen      total 18944K, used 9171K [0x00000000eab00000, 0x00000000ede00000, 0x0000000100000000)
  eden space 1536K, 100% used [0x00000000eab00000,0x00000000eac80000,0x00000000eac80000)
  from space 17408K, 43% used [0x00000000ec500000,0x00000000ecc74ff8,0x00000000ed600000)
  to   space 25088K, 0% used [0x00000000eac80000,0x00000000eac80000,0x00000000ec500000)
 ParOldGen       total 699392K, used 699373K [0x00000000c0000000, 0x00000000eab00000, 0x00000000eab00000)
  object space 699392K, 99% used [0x00000000c0000000,0x00000000eaafb7a8,0x00000000eab00000)
 Metaspace       used 109081K, committed 110400K, reserved 1179648K
  class space    used 11877K, committed 12544K, reserved 1048576K
GC Heap History (20 events):
Event: 11353.501 GC heap after
{Heap after GC invocations=6760 (full 593):
 PSYoungGen      total 18944K, used 9171K [0x00000000eab00000, 0x00000000ede00000, 0x0000000100000000)
  eden space 1536K, 100% used [0x00000000eab00000,0x00000000eac80000,0x00000000eac80000)
  from space 17408K, 43% used [0x00000000ec500000,0x00000000ecc74ff8,0x00000000ed600000)
  to   space 25088K, 0% used [0x00000000eac80000,0x00000000eac80000,0x00000000ec500000)
 ParOldGen       total 699392K, used 699371K [0x00000000c0000000, 0x00000000eab00000, 0x00000000eab00000)
  object space 699392K, 99% used [0x00000000c0000000,0x00000000eaafaff0,0x00000000eab00000)
 Metaspace       used 109081K, committed 110400K, reserved 1179648K
  class space    used 11877K, committed 12544K, reserved 1048576K
}
Event: 11353.501 GC heap before
{Heap before GC invocations=6761 (full 594):
 PSYoungGen      total 18944K, used 9171K [0x00000000eab00000, 0x00000000ede00000, 0x0000000100000000)
  eden space 1536K, 100% used [0x00000000eab00000,0x00000000eac80000,0x00000000eac80000)
  from space 17408K, 43% used [0x00000000ec500000,0x00000000ecc74ff8,0x00000000ed600000)
  to   space 25088K, 0% used [0x00000000eac80000,0x00000000eac80000,0x00000000ec500000)
 ParOldGen       total 699392K, used 699374K [0x00000000c0000000, 0x00000000eab00000, 0x00000000eab00000)
  object space 699392K, 99% used [0x00000000c0000000,0x00000000eaafb950,0x00000000eab00000)
 Metaspace       used 109081K, committed 110400K, reserved 1179648K
  class space    used 11877K, committed 12544K, reserved 1048576K
}
Event: 11353.598 GC heap after
{Heap after GC invocations=6761 (full 594):
 PSYoungGen      total 18944K, used 9171K [0x00000000eab00000, 0x00000000ede00000, 0x0000000100000000)
  eden space 1536K, 100% used [0x00000000eab00000,0x00000000eac80000,0x00000000eac80000)
  from space 17408K, 43% used [0x00000000ec500000,0x00000000ecc74ff8,0x00000000ed600000)
  to   space 25088K, 0% used [0x00000000eac80000,0x00000000eac80000,0x00000000ec500000)
 ParOldGen       total 699392K, used 699372K [0x00000000c0000000, 0x00000000eab00000, 0x00000000eab00000)
  object space 699392K, 99% used [0x00000000c0000000,0x00000000eaafb100,0x00000000eab00000)
 Metaspace       used 109081K, committed 110400K, reserved 1179648K
  class space    used 11877K, committed 12544K, reserved 1048576K
}
Event: 11353.598 GC heap before
{Heap before GC invocations=6762 (full 595):
 PSYoungGen      total 18944K, used 9171K [0x00000000eab00000, 0x00000000ede00000, 0x0000000100000000)
  eden space 1536K, 100% used [0x00000000eab00000,0x00000000eac80000,0x00000000eac80000)
  from space 17408K, 43% used [0x00000000ec500000,0x00000000ecc74ff8,0x00000000ed600000)
  to   space 25088K, 0% used [0x00000000eac80000,0x00000000eac80000,0x00000000ec500000)
 ParOldGen       total 699392K, used 699374K [0x00000000c0000000, 0x00000000eab00000, 0x00000000eab00000)
  object space 699392K, 99% used [0x00000000c0000000,0x00000000eaafb9f8,0x00000000eab00000)
 Metaspace       used 109081K, committed 110400K, reserved 1179648K
  class space    used 11877K, committed 12544K, reserved 1048576K
}
Event: 11353.694 GC heap after
{Heap after GC invocations=6762 (full 595):
 PSYoungGen      total 18944K, used 9171K [0x00000000eab00000, 0x00000000ede00000, 0x0000000100000000)
  eden space 1536K, 100% used [0x00000000eab00000,0x00000000eac80000,0x00000000eac80000)
  from space 17408K, 43% used [0x00000000ec500000,0x00000000ecc74ff8,0x00000000ed600000)
  to   space 25088K, 0% used [0x00000000eac80000,0x00000000eac80000,0x00000000ec500000)
 ParOldGen       total 699392K, used 699372K [0x00000000c0000000, 0x00000000eab00000, 0x00000000eab00000)
  object space 699392K, 99% used [0x00000000c0000000,0x00000000eaafb378,0x00000000eab00000)
 Metaspace       used 109081K, committed 110400K, reserved 1179648K
  class space    used 11877K, committed 12544K, reserved 1048576K
}
Event: 11353.694 GC heap before
{Heap before GC invocations=6763 (full 596):
 PSYoungGen      total 18944K, used 9171K [0x00000000eab00000, 0x00000000ede00000, 0x0000000100000000)
  eden space 1536K, 100% used [0x00000000eab00000,0x00000000eac80000,0x00000000eac80000)
  from space 17408K, 43% used [0x00000000ec500000,0x00000000ecc74ff8,0x00000000ed600000)
  to   space 25088K, 0% used [0x00000000eac80000,0x00000000eac80000,0x00000000ec500000)
 ParOldGen       total 699392K, used 699374K [0x00000000c0000000, 0x00000000eab00000, 0x00000000eab00000)
  object space 699392K, 99% used [0x00000000c0000000,0x00000000eaafba78,0x00000000eab00000)
 Metaspace       used 109081K, committed 110400K, reserved 1179648K
  class space    used 11877K, committed 12544K, reserved 1048576K
}
Event: 11353.794 GC heap after
{Heap after GC invocations=6763 (full 596):
 PSYoungGen      total 18944K, used 9171K [0x00000000eab00000, 0x00000000ede00000, 0x0000000100000000)
  eden space 1536K, 100% used [0x00000000eab00000,0x00000000eac80000,0x00000000eac80000)
  from space 17408K, 43% used [0x00000000ec500000,0x00000000ecc74ff8,0x00000000ed600000)
  to   space 25088K, 0% used [0x00000000eac80000,0x00000000eac80000,0x00000000ec500000)
 ParOldGen       total 699392K, used 699370K [0x00000000c0000000, 0x00000000eab00000, 0x00000000eab00000)
  object space 699392K, 99% used [0x00000000c0000000,0x00000000eaafa898,0x00000000eab00000)
 Metaspace       used 109081K, committed 110400K, reserved 1179648K
  class space    used 11877K, committed 12544K, reserved 1048576K
}
Event: 11353.794 GC heap before
{Heap before GC invocations=6764 (full 597):
 PSYoungGen      total 18944K, used 9171K [0x00000000eab00000, 0x00000000ede00000, 0x0000000100000000)
  eden space 1536K, 100% used [0x00000000eab00000,0x00000000eac80000,0x00000000eac80000)
  from space 17408K, 43% used [0x00000000ec500000,0x00000000ecc74ff8,0x00000000ed600000)
  to   space 25088K, 0% used [0x00000000eac80000,0x00000000eac80000,0x00000000ec500000)
 ParOldGen       total 699392K, used 699372K [0x00000000c0000000, 0x00000000eab00000, 0x00000000eab00000)
  object space 699392K, 99% used [0x00000000c0000000,0x00000000eaafb040,0x00000000eab00000)
 Metaspace       used 109081K, committed 110400K, reserved 1179648K
  class space    used 11877K, committed 12544K, reserved 1048576K
}
Event: 11353.897 GC heap after
{Heap after GC invocations=6764 (full 597):
 PSYoungGen      total 18944K, used 9171K [0x00000000eab00000, 0x00000000ede00000, 0x0000000100000000)
  eden space 1536K, 100% used [0x00000000eab00000,0x00000000eac80000,0x00000000eac80000)
  from space 17408K, 43% used [0x00000000ec500000,0x00000000ecc74ff8,0x00000000ed600000)
  to   space 25088K, 0% used [0x00000000eac80000,0x00000000eac80000,0x00000000ec500000)
 ParOldGen       total 699392K, used 699370K [0x00000000c0000000, 0x00000000eab00000, 0x00000000eab00000)
  object space 699392K, 99% used [0x00000000c0000000,0x00000000eaafa960,0x00000000eab00000)
 Metaspace       used 109081K, committed 110400K, reserved 1179648K
  class space    used 11877K, committed 12544K, reserved 1048576K
}
Event: 11353.897 GC heap before
{Heap before GC invocations=6765 (full 598):
 PSYoungGen      total 18944K, used 9171K [0x00000000eab00000, 0x00000000ede00000, 0x0000000100000000)
  eden space 1536K, 100% used [0x00000000eab00000,0x00000000eac80000,0x00000000eac80000)
  from space 17408K, 43% used [0x00000000ec500000,0x00000000ecc74ff8,0x00000000ed600000)
  to   space 25088K, 0% used [0x00000000eac80000,0x00000000eac80000,0x00000000ec500000)
 ParOldGen       total 699392K, used 699372K [0x00000000c0000000, 0x00000000eab00000, 0x00000000eab00000)
  object space 699392K, 99% used [0x00000000c0000000,0x00000000eaafb360,0x00000000eab00000)
 Metaspace       used 109081K, committed 110400K, reserved 1179648K
  class space    used 11877K, committed 12544K, reserved 1048576K
}
Event: 11353.994 GC heap after
{Heap after GC invocations=6765 (full 598):
 PSYoungGen      total 18944K, used 9171K [0x00000000eab00000, 0x00000000ede00000, 0x0000000100000000)
  eden space 1536K, 100% used [0x00000000eab00000,0x00000000eac80000,0x00000000eac80000)
  from space 17408K, 43% used [0x00000000ec500000,0x00000000ecc74ff8,0x00000000ed600000)
  to   space 25088K, 0% used [0x00000000eac80000,0x00000000eac80000,0x00000000ec500000)
 ParOldGen       total 699392K, used 699370K [0x00000000c0000000, 0x00000000eab00000, 0x00000000eab00000)
  object space 699392K, 99% used [0x00000000c0000000,0x00000000eaafa828,0x00000000eab00000)
 Metaspace       used 109081K, committed 110400K, reserved 1179648K
  class space    used 11877K, committed 12544K, reserved 1048576K
}
Event: 11353.994 GC heap before
{Heap before GC invocations=6766 (full 599):
 PSYoungGen      total 18944K, used 9171K [0x00000000eab00000, 0x00000000ede00000, 0x0000000100000000)
  eden space 1536K, 100% used [0x00000000eab00000,0x00000000eac80000,0x00000000eac80000)
  from space 17408K, 43% used [0x00000000ec500000,0x00000000ecc74ff8,0x00000000ed600000)
  to   space 25088K, 0% used [0x00000000eac80000,0x00000000eac80000,0x00000000ec500000)
 ParOldGen       total 699392K, used 699372K [0x00000000c0000000, 0x00000000eab00000, 0x00000000eab00000)
  object space 699392K, 99% used [0x00000000c0000000,0x00000000eaafb3e8,0x00000000eab00000)
 Metaspace       used 109081K, committed 110400K, reserved 1179648K
  class space    used 11877K, committed 12544K, reserved 1048576K
}
Event: 11354.095 GC heap after
{Heap after GC invocations=6766 (full 599):
 PSYoungGen      total 18944K, used 9171K [0x00000000eab00000, 0x00000000ede00000, 0x0000000100000000)
  eden space 1536K, 100% used [0x00000000eab00000,0x00000000eac80000,0x00000000eac80000)
  from space 17408K, 43% used [0x00000000ec500000,0x00000000ecc74ff8,0x00000000ed600000)
  to   space 25088K, 0% used [0x00000000eac80000,0x00000000eac80000,0x00000000ec500000)
 ParOldGen       total 699392K, used 699369K [0x00000000c0000000, 0x00000000eab00000, 0x00000000eab00000)
  object space 699392K, 99% used [0x00000000c0000000,0x00000000eaafa758,0x00000000eab00000)
 Metaspace       used 109081K, committed 110400K, reserved 1179648K
  class space    used 11877K, committed 12544K, reserved 1048576K
}
Event: 11354.095 GC heap before
{Heap before GC invocations=6767 (full 600):
 PSYoungGen      total 18944K, used 9171K [0x00000000eab00000, 0x00000000ede00000, 0x0000000100000000)
  eden space 1536K, 100% used [0x00000000eab00000,0x00000000eac80000,0x00000000eac80000)
  from space 17408K, 43% used [0x00000000ec500000,0x00000000ecc74ff8,0x00000000ed600000)
  to   space 25088K, 0% used [0x00000000eac80000,0x00000000eac80000,0x00000000ec500000)
 ParOldGen       total 699392K, used 699372K [0x00000000c0000000, 0x00000000eab00000, 0x00000000eab00000)
  object space 699392K, 99% used [0x00000000c0000000,0x00000000eaafb0a8,0x00000000eab00000)
 Metaspace       used 109081K, committed 110400K, reserved 1179648K
  class space    used 11877K, committed 12544K, reserved 1048576K
}
Event: 11354.198 GC heap after
{Heap after GC invocations=6767 (full 600):
 PSYoungGen      total 18944K, used 9171K [0x00000000eab00000, 0x00000000ede00000, 0x0000000100000000)
  eden space 1536K, 100% used [0x00000000eab00000,0x00000000eac80000,0x00000000eac80000)
  from space 17408K, 43% used [0x00000000ec500000,0x00000000ecc74ff8,0x00000000ed600000)
  to   space 25088K, 0% used [0x00000000eac80000,0x00000000eac80000,0x00000000ec500000)
 ParOldGen       total 699392K, used 699370K [0x00000000c0000000, 0x00000000eab00000, 0x00000000eab00000)
  object space 699392K, 99% used [0x00000000c0000000,0x00000000eaafab68,0x00000000eab00000)
 Metaspace       used 109081K, committed 110400K, reserved 1179648K
  class space    used 11877K, committed 12544K, reserved 1048576K
}
Event: 11354.198 GC heap before
{Heap before GC invocations=6768 (full 601):
 PSYoungGen      total 18944K, used 9171K [0x00000000eab00000, 0x00000000ede00000, 0x0000000100000000)
  eden space 1536K, 100% used [0x00000000eab00000,0x00000000eac80000,0x00000000eac80000)
  from space 17408K, 43% used [0x00000000ec500000,0x00000000ecc74ff8,0x00000000ed600000)
  to   space 25088K, 0% used [0x00000000eac80000,0x00000000eac80000,0x00000000ec500000)
 ParOldGen       total 699392K, used 699372K [0x00000000c0000000, 0x00000000eab00000, 0x00000000eab00000)
  object space 699392K, 99% used [0x00000000c0000000,0x00000000eaafb2c0,0x00000000eab00000)
 Metaspace       used 109081K, committed 110400K, reserved 1179648K
  class space    used 11877K, committed 12544K, reserved 1048576K
}
Event: 11354.300 GC heap after
{Heap after GC invocations=6768 (full 601):
 PSYoungGen      total 18944K, used 9171K [0x00000000eab00000, 0x00000000ede00000, 0x0000000100000000)
  eden space 1536K, 100% used [0x00000000eab00000,0x00000000eac80000,0x00000000eac80000)
  from space 17408K, 43% used [0x00000000ec500000,0x00000000ecc74ff8,0x00000000ed600000)
  to   space 25088K, 0% used [0x00000000eac80000,0x00000000eac80000,0x00000000ec500000)
 ParOldGen       total 699392K, used 699372K [0x00000000c0000000, 0x00000000eab00000, 0x00000000eab00000)
  object space 699392K, 99% used [0x00000000c0000000,0x00000000eaafb160,0x00000000eab00000)
 Metaspace       used 109081K, committed 110400K, reserved 1179648K
  class space    used 11877K, committed 12544K, reserved 1048576K
}
Event: 11354.300 GC heap before
{Heap before GC invocations=6769 (full 602):
 PSYoungGen      total 18944K, used 9171K [0x00000000eab00000, 0x00000000ede00000, 0x0000000100000000)
  eden space 1536K, 100% used [0x00000000eab00000,0x00000000eac80000,0x00000000eac80000)
  from space 17408K, 43% used [0x00000000ec500000,0x00000000ecc74ff8,0x00000000ed600000)
  to   space 25088K, 0% used [0x00000000eac80000,0x00000000eac80000,0x00000000ec500000)
 ParOldGen       total 699392K, used 699374K [0x00000000c0000000, 0x00000000eab00000, 0x00000000eab00000)
  object space 699392K, 99% used [0x00000000c0000000,0x00000000eaafba68,0x00000000eab00000)
 Metaspace       used 109081K, committed 110400K, reserved 1179648K
  class space    used 11877K, committed 12544K, reserved 1048576K
}
Event: 11354.400 GC heap after
{Heap after GC invocations=6769 (full 602):
 PSYoungGen      total 18944K, used 9171K [0x00000000eab00000, 0x00000000ede00000, 0x0000000100000000)
  eden space 1536K, 100% used [0x00000000eab00000,0x00000000eac80000,0x00000000eac80000)
  from space 17408K, 43% used [0x00000000ec500000,0x00000000ecc74ff8,0x00000000ed600000)
  to   space 25088K, 0% used [0x00000000eac80000,0x00000000eac80000,0x00000000ec500000)
 ParOldGen       total 699392K, used 699372K [0x00000000c0000000, 0x00000000eab00000, 0x00000000eab00000)
  object space 699392K, 99% used [0x00000000c0000000,0x00000000eaafb0b0,0x00000000eab00000)
 Metaspace       used 109081K, committed 110400K, reserved 1179648K
  class space    used 11877K, committed 12544K, reserved 1048576K
}
Event: 11354.401 GC heap before
{Heap before GC invocations=6770 (full 603):
 PSYoungGen      total 18944K, used 9171K [0x00000000eab00000, 0x00000000ede00000, 0x0000000100000000)
  eden space 1536K, 100% used [0x00000000eab00000,0x00000000eac80000,0x00000000eac80000)
  from space 17408K, 43% used [0x00000000ec500000,0x00000000ecc74ff8,0x00000000ed600000)
  to   space 25088K, 0% used [0x00000000eac80000,0x00000000eac80000,0x00000000ec500000)
 ParOldGen       total 699392K, used 699373K [0x00000000c0000000, 0x00000000eab00000, 0x00000000eab00000)
  object space 699392K, 99% used [0x00000000c0000000,0x00000000eaafb7a8,0x00000000eab00000)
 Metaspace       used 109081K, committed 110400K, reserved 1179648K
  class space    used 11877K, committed 12544K, reserved 1048576K
}

